::1 - - [27/Jan/2024:17:44:47 +0200] "GET / HTTP/1.1" 200 1759
::1 - - [27/Jan/2024:17:44:47 +0200] "GET /favicon.ico HTTP/1.1" 404 297
::1 - - [28/Jan/2024:17:00:04 +0200] "GET / HTTP/1.1" 200 3290
::1 - - [28/Jan/2024:17:10:15 +0200] "GET / HTTP/1.1" 200 3290
::1 - - [28/Jan/2024:17:10:15 +0200] "GET /favicon.ico HTTP/1.1" 404 307
::1 - - [28/Jan/2024:17:14:03 +0200] "GET / HTTP/1.1" 200 3290
::1 - - [28/Jan/2024:17:14:53 +0200] "GET / HTTP/1.1" 200 3290
::1 - - [03/Feb/2024:14:25:44 +0200] "GET / HTTP/1.1" 200 3383
::1 - - [03/Feb/2024:14:25:44 +0200] "GET /favicon.ico HTTP/1.1" 404 297
::1 - - [03/Feb/2024:14:30:39 +0200] "GET / HTTP/1.1" 200 3951
::1 - - [03/Feb/2024:14:31:27 +0200] "GET / HTTP/1.1" 200 3951
::1 - - [03/Feb/2024:14:33:55 +0200] "GET / HTTP/1.1" 200 4306
::1 - - [03/Feb/2024:14:35:45 +0200] "GET / HTTP/1.1" 200 4341
::1 - - [03/Feb/2024:14:38:04 +0200] "GET / HTTP/1.1" 200 4360
::1 - - [03/Feb/2024:14:39:24 +0200] "GET / HTTP/1.1" 200 4369
::1 - - [03/Feb/2024:14:40:42 +0200] "GET / HTTP/1.1" 200 4369
::1 - - [03/Feb/2024:14:40:45 +0200] "GET /basics.php HTTP/1.1" 200 19
::1 - - [03/Feb/2024:14:41:36 +0200] "GET / HTTP/1.1" 200 4369
::1 - - [03/Feb/2024:14:41:37 +0200] "GET /favicon.ico HTTP/1.1" 404 297
::1 - - [03/Feb/2024:14:41:39 +0200] "GET /basics.php HTTP/1.1" 200 19
::1 - - [03/Feb/2024:14:43:53 +0200] "GET /basics.php HTTP/1.1" 200 19
::1 - - [03/Feb/2024:14:43:55 +0200] "GET /basics.php HTTP/1.1" 200 19
::1 - - [03/Feb/2024:14:44:13 +0200] "GET /basics.php HTTP/1.1" 200 19
::1 - - [03/Feb/2024:14:44:24 +0200] "GET /basics.loc HTTP/1.1" 404 297
::1 - - [03/Feb/2024:14:44:40 +0200] "GET / HTTP/1.1" 200 4369
::1 - - [03/Feb/2024:14:44:41 +0200] "GET /basics.php HTTP/1.1" 200 19
::1 - - [03/Feb/2024:14:45:44 +0200] "GET /basics.php HTTP/1.1" 200 12
::1 - - [03/Feb/2024:14:48:40 +0200] "GET /basics.php HTTP/1.1" 200 350
::1 - - [03/Feb/2024:14:49:09 +0200] "GET /basics.php HTTP/1.1" 200 348
::1 - - [03/Feb/2024:14:51:27 +0200] "GET /basics.php HTTP/1.1" 200 813
::1 - - [03/Feb/2024:14:52:09 +0200] "GET / HTTP/1.1" 200 4369
::1 - - [03/Feb/2024:14:52:11 +0200] "GET /basics.php HTTP/1.1" 200 813
::1 - - [03/Feb/2024:14:54:11 +0200] "GET /basics.php HTTP/1.1" 200 1992
::1 - - [03/Feb/2024:14:54:15 +0200] "GET /basics.php HTTP/1.1" 200 1992
::1 - - [03/Feb/2024:14:55:03 +0200] "GET /basics.php HTTP/1.1" 200 2000
::1 - - [03/Feb/2024:14:55:06 +0200] "GET /index.php HTTP/1.1" 200 4369
::1 - - [03/Feb/2024:14:55:09 +0200] "GET /basics.php HTTP/1.1" 200 2000
::1 - - [03/Feb/2024:14:55:14 +0200] "GET /index.php HTTP/1.1" 200 4369
::1 - - [03/Feb/2024:14:55:15 +0200] "GET /basics.php HTTP/1.1" 200 2000
::1 - - [03/Feb/2024:14:55:17 +0200] "GET /index.php HTTP/1.1" 200 4369
::1 - - [03/Feb/2024:14:55:20 +0200] "GET /basics.php HTTP/1.1" 200 2000
::1 - - [03/Feb/2024:14:59:14 +0200] "GET /basics.php HTTP/1.1" 200 2000
::1 - - [03/Feb/2024:14:59:16 +0200] "GET /index.php HTTP/1.1" 200 4369
::1 - - [03/Feb/2024:14:59:19 +0200] "GET /basics.php HTTP/1.1" 200 2000
::1 - - [03/Feb/2024:15:01:52 +0200] "GET /index.php HTTP/1.1" 200 4369
::1 - - [03/Feb/2024:15:01:53 +0200] "GET /basics.php HTTP/1.1" 200 2000
::1 - - [03/Feb/2024:15:01:56 +0200] "GET /index.php HTTP/1.1" 200 4369
::1 - - [03/Feb/2024:15:02:07 +0200] "GET /basics.php HTTP/1.1" 200 2000
::1 - - [03/Feb/2024:15:03:51 +0200] "GET /basics.php HTTP/1.1" 200 2043
::1 - - [03/Feb/2024:15:04:19 +0200] "GET /basics.php HTTP/1.1" 200 2091
::1 - - [03/Feb/2024:15:06:50 +0200] "GET /basics.php HTTP/1.1" 200 2595
::1 - - [03/Feb/2024:15:07:25 +0200] "GET /index.php HTTP/1.1" 200 4369
::1 - - [03/Feb/2024:15:08:02 +0200] "GET /index.php HTTP/1.1" 200 4323
::1 - - [03/Feb/2024:15:08:15 +0200] "GET /index.php HTTP/1.1" 200 4277
::1 - - [03/Feb/2024:15:08:24 +0200] "GET /index.php HTTP/1.1" 200 4323
::1 - - [03/Feb/2024:15:10:01 +0200] "GET /index.php HTTP/1.1" 200 4323
::1 - - [03/Feb/2024:15:10:02 +0200] "GET /basics.php HTTP/1.1" 200 2631
::1 - - [03/Feb/2024:15:12:16 +0200] "GET /basics.php HTTP/1.1" 200 2843
::1 - - [03/Feb/2024:15:12:33 +0200] "GET /basics.php HTTP/1.1" 200 2832
::1 - - [03/Feb/2024:15:13:41 +0200] "GET /basics.php HTTP/1.1" 200 2910
::1 - - [03/Feb/2024:15:13:56 +0200] "GET /basics.php HTTP/1.1" 200 2929
::1 - - [03/Feb/2024:15:16:21 +0200] "GET /basics.php HTTP/1.1" 200 3188
::1 - - [03/Feb/2024:15:16:39 +0200] "GET /basics.php HTTP/1.1" 200 3188
::1 - - [03/Feb/2024:15:17:01 +0200] "GET /basics.php HTTP/1.1" 200 3196
::1 - - [03/Feb/2024:15:17:45 +0200] "GET /basics.php HTTP/1.1" 200 3211
::1 - - [03/Feb/2024:15:18:31 +0200] "GET /basics.php HTTP/1.1" 200 3303
::1 - - [03/Feb/2024:15:18:52 +0200] "GET /basics.php HTTP/1.1" 200 3313
::1 - - [03/Feb/2024:15:19:03 +0200] "GET /basics.php HTTP/1.1" 200 3318
::1 - - [03/Feb/2024:15:22:40 +0200] "GET /basics.php HTTP/1.1" 200 3468
::1 - - [03/Feb/2024:15:27:01 +0200] "GET /basics.php HTTP/1.1" 200 3569
::1 - - [03/Feb/2024:15:30:08 +0200] "GET /basics.php HTTP/1.1" 200 3644
::1 - - [03/Feb/2024:15:32:10 +0200] "GET /index.php HTTP/1.1" 200 4323
::1 - - [03/Feb/2024:15:32:12 +0200] "GET /basics.php HTTP/1.1" 200 3644
::1 - - [03/Feb/2024:15:33:06 +0200] "GET /basics.php HTTP/1.1" 200 3655
::1 - - [03/Feb/2024:15:34:44 +0200] "GET /basics.php HTTP/1.1" 200 3827
::1 - - [03/Feb/2024:15:35:08 +0200] "GET /basics.php HTTP/1.1" 200 3852
::1 - - [03/Feb/2024:15:36:26 +0200] "GET /basics.php HTTP/1.1" 200 3963
::1 - - [03/Feb/2024:15:36:50 +0200] "GET /basics.php HTTP/1.1" 200 3950
::1 - - [03/Feb/2024:15:41:55 +0200] "GET /basics.php HTTP/1.1" 200 3950
::1 - - [03/Feb/2024:15:43:55 +0200] "GET /basics.php HTTP/1.1" 200 3964
::1 - - [03/Feb/2024:15:44:15 +0200] "GET /index.php HTTP/1.1" 200 4323
::1 - - [03/Feb/2024:15:44:17 +0200] "GET /basics.php HTTP/1.1" 200 3964
::1 - - [03/Feb/2024:15:44:44 +0200] "GET /basics.php HTTP/1.1" 200 3964
::1 - - [03/Feb/2024:15:44:47 +0200] "GET /index.php HTTP/1.1" 200 4323
::1 - - [03/Feb/2024:15:44:49 +0200] "GET /basics.php HTTP/1.1" 200 3964
::1 - - [03/Feb/2024:15:44:52 +0200] "GET /index.php HTTP/1.1" 200 4323
::1 - - [03/Feb/2024:15:44:55 +0200] "GET /basics.php HTTP/1.1" 200 3964
::1 - - [03/Feb/2024:15:45:30 +0200] "GET /basics.php HTTP/1.1" 200 3964
::1 - - [03/Feb/2024:15:45:32 +0200] "GET /index.php HTTP/1.1" 200 4323
::1 - - [03/Feb/2024:15:45:37 +0200] "GET /basics.php HTTP/1.1" 200 3964
::1 - - [03/Feb/2024:15:46:31 +0200] "GET /basics.php HTTP/1.1" 200 3962
::1 - - [03/Feb/2024:15:46:52 +0200] "GET /basics.php HTTP/1.1" 200 3962
::1 - - [03/Feb/2024:15:46:54 +0200] "GET /index.php HTTP/1.1" 200 4323
::1 - - [03/Feb/2024:15:47:01 +0200] "GET /basics.php HTTP/1.1" 200 3962
::1 - - [03/Feb/2024:15:52:14 +0200] "GET /basics.php HTTP/1.1" 200 3962
::1 - - [03/Feb/2024:15:52:16 +0200] "GET /index.php HTTP/1.1" 200 4348
::1 - - [03/Feb/2024:15:52:27 +0200] "GET /index.php HTTP/1.1" 200 4348
::1 - - [03/Feb/2024:15:53:09 +0200] "GET /index.php HTTP/1.1" 200 4348
::1 - - [03/Feb/2024:15:53:10 +0200] "GET /basics.php HTTP/1.1" 200 3985
::1 - - [03/Feb/2024:15:53:15 +0200] "GET /basics.php HTTP/1.1" 200 3985
::1 - - [03/Feb/2024:15:53:23 +0200] "GET /basics.php HTTP/1.1" 200 3985
::1 - - [03/Feb/2024:15:54:57 +0200] "GET /basics.php HTTP/1.1" 200 3993
::1 - - [03/Feb/2024:15:54:58 +0200] "GET /index.php HTTP/1.1" 200 4356
::1 - - [03/Feb/2024:15:54:59 +0200] "GET /basics.php HTTP/1.1" 200 3993
::1 - - [03/Feb/2024:15:55:00 +0200] "GET /index.php HTTP/1.1" 200 4356
::1 - - [03/Feb/2024:15:55:01 +0200] "GET /basics.php HTTP/1.1" 200 3993
::1 - - [03/Feb/2024:16:29:56 +0200] "GET /basics.php HTTP/1.1" 200 3993
::1 - - [03/Feb/2024:16:29:58 +0200] "GET /basics.php HTTP/1.1" 200 3993
::1 - - [03/Feb/2024:16:30:02 +0200] "GET /basics.php HTTP/1.1" 200 3993
::1 - - [03/Feb/2024:16:30:30 +0200] "GET / HTTP/1.1" 200 4356
::1 - - [03/Feb/2024:16:31:12 +0200] "GET / HTTP/1.1" 200 4356
::1 - - [03/Feb/2024:16:31:13 +0200] "GET / HTTP/1.1" 200 4356
::1 - - [03/Feb/2024:16:31:16 +0200] "GET / HTTP/1.1" 200 4356
::1 - - [03/Feb/2024:16:31:29 +0200] "GET / HTTP/1.1" 200 4356
::1 - - [03/Feb/2024:16:32:57 +0200] "GET / HTTP/1.1" 200 4356
::1 - - [03/Feb/2024:16:32:58 +0200] "GET / HTTP/1.1" 200 4356
::1 - - [03/Feb/2024:16:33:42 +0200] "GET / HTTP/1.1" 200 4356
::1 - - [03/Feb/2024:16:33:44 +0200] "GET / HTTP/1.1" 200 4356
::1 - - [03/Feb/2024:16:33:48 +0200] "GET /basics.php HTTP/1.1" 200 3993
::1 - - [03/Feb/2024:16:35:11 +0200] "GET /basics.php HTTP/1.1" 200 18
::1 - - [03/Feb/2024:16:36:10 +0200] "GET / HTTP/1.1" 200 18
::1 - - [03/Feb/2024:16:36:12 +0200] "GET / HTTP/1.1" 200 18
::1 - - [03/Feb/2024:16:39:13 +0200] "GET / HTTP/1.1" 200 3782
::1 - - [03/Feb/2024:16:40:42 +0200] "GET / HTTP/1.1" 200 3782
::1 - - [03/Feb/2024:16:41:10 +0200] "GET /?x=10 HTTP/1.1" 200 3789
::1 - - [03/Feb/2024:16:41:51 +0200] "GET /hello?x=10 HTTP/1.1" 200 3799
::1 - - [03/Feb/2024:16:43:24 +0200] "GET /hello?x=10 HTTP/1.1" 200 11
::1 - - [03/Feb/2024:16:43:38 +0200] "GET /asdflkjd;lf HTTP/1.1" 200 12
::1 - - [03/Feb/2024:16:43:53 +0200] "GET /1/2/3 HTTP/1.1" 200 6
::1 - - [03/Feb/2024:16:47:52 +0200] "GET /1/2/3 HTTP/1.1" 200 6
::1 - - [03/Feb/2024:16:47:54 +0200] "GET /1/2/3 HTTP/1.1" 200 6
::1 - - [03/Feb/2024:16:48:02 +0200] "GET /1/2/3?x=10 HTTP/1.1" 200 6
::1 - - [03/Feb/2024:16:49:14 +0200] "GET /1/2/3 HTTP/1.1" 200 6
::1 - - [03/Feb/2024:16:55:59 +0200] "GET / HTTP/1.1" 200 274
::1 - - [03/Feb/2024:16:56:10 +0200] "GET /basics HTTP/1.1" 200 274
::1 - - [03/Feb/2024:16:56:58 +0200] "GET /basics HTTP/1.1" 200 4000
::1 - - [03/Feb/2024:16:57:03 +0200] "GET / HTTP/1.1" 200 4357
::1 - - [03/Feb/2024:17:07:59 +0200] "GET / HTTP/1.1" 200 4408
::1 - - [03/Feb/2024:17:08:06 +0200] "GET /basics.php HTTP/1.1" 200 32
::1 - - [03/Feb/2024:17:08:48 +0200] "GET /basics.php HTTP/1.1" 200 32
::1 - - [03/Feb/2024:17:08:49 +0200] "GET /basics.php HTTP/1.1" 200 32
::1 - - [03/Feb/2024:17:08:54 +0200] "GET / HTTP/1.1" 200 4408
::1 - - [03/Feb/2024:17:08:56 +0200] "GET /basics.php HTTP/1.1" 200 32
::1 - - [03/Feb/2024:17:10:54 +0200] "GET /basics.php HTTP/1.1" 200 32
::1 - - [03/Feb/2024:17:10:59 +0200] "GET / HTTP/1.1" 200 4400
::1 - - [03/Feb/2024:17:11:01 +0200] "GET /basics HTTP/1.1" 200 4028
::1 - - [03/Feb/2024:17:11:34 +0200] "GET /basics HTTP/1.1" 200 4037
::1 - - [03/Feb/2024:17:11:35 +0200] "GET /layout HTTP/1.1" 200 2945
::1 - - [03/Feb/2024:17:11:36 +0200] "GET /basics HTTP/1.1" 200 4037
::1 - - [03/Feb/2024:17:11:38 +0200] "GET /index HTTP/1.1" 200 22
::1 - - [03/Feb/2024:17:12:03 +0200] "GET /index HTTP/1.1" 200 22
::1 - - [03/Feb/2024:17:12:04 +0200] "GET /index HTTP/1.1" 200 22
::1 - - [03/Feb/2024:17:12:20 +0200] "GET /index HTTP/1.1" 200 22
::1 - - [03/Feb/2024:17:13:03 +0200] "GET /index HTTP/1.1" 200 22
::1 - - [03/Feb/2024:17:13:08 +0200] "GET / HTTP/1.1" 200 4405
::1 - - [03/Feb/2024:17:13:09 +0200] "GET /basics HTTP/1.1" 200 4033
::1 - - [03/Feb/2024:17:13:10 +0200] "GET /layout HTTP/1.1" 200 2941
::1 - - [03/Feb/2024:17:13:12 +0200] "GET / HTTP/1.1" 200 4405
::1 - - [03/Feb/2024:17:13:16 +0200] "GET /basics HTTP/1.1" 200 4033
::1 - - [03/Feb/2024:17:13:17 +0200] "GET /layout HTTP/1.1" 200 2941
::1 - - [03/Feb/2024:17:13:18 +0200] "GET /basics HTTP/1.1" 200 4033
::1 - - [03/Feb/2024:17:13:19 +0200] "GET /layout HTTP/1.1" 200 2941
::1 - - [03/Feb/2024:17:13:21 +0200] "GET / HTTP/1.1" 200 4405
::1 - - [03/Feb/2024:17:13:23 +0200] "GET /basics HTTP/1.1" 200 4033
::1 - - [03/Feb/2024:17:13:24 +0200] "GET /layout HTTP/1.1" 200 2941
::1 - - [03/Feb/2024:17:13:48 +0200] "GET /layout HTTP/1.1" 200 2981
::1 - - [03/Feb/2024:17:13:51 +0200] "GET /basics HTTP/1.1" 200 4073
::1 - - [03/Feb/2024:17:13:52 +0200] "GET /layout HTTP/1.1" 200 2981
::1 - - [03/Feb/2024:17:13:53 +0200] "GET / HTTP/1.1" 200 4445
::1 - - [03/Feb/2024:17:13:55 +0200] "GET /basics HTTP/1.1" 200 4073
::1 - - [03/Feb/2024:17:13:55 +0200] "GET /layout HTTP/1.1" 200 2981
::1 - - [03/Feb/2024:17:15:31 +0200] "GET /layout HTTP/1.1" 200 2996
::1 - - [03/Feb/2024:17:15:37 +0200] "GET /layout HTTP/1.1" 200 2996
::1 - - [03/Feb/2024:17:15:39 +0200] "GET /basics HTTP/1.1" 200 4088
::1 - - [03/Feb/2024:17:15:40 +0200] "GET / HTTP/1.1" 200 4460
::1 - - [03/Feb/2024:17:19:24 +0200] "GET / HTTP/1.1" 200 164
::1 - - [03/Feb/2024:17:19:55 +0200] "GET / HTTP/1.1" 200 4447
::1 - - [03/Feb/2024:17:19:56 +0200] "GET /basics HTTP/1.1" 200 4089
::1 - - [03/Feb/2024:17:19:58 +0200] "GET /layout HTTP/1.1" 200 2997
::1 - - [03/Feb/2024:17:19:59 +0200] "GET /basics HTTP/1.1" 200 4089
::1 - - [03/Feb/2024:17:20:02 +0200] "GET /layout HTTP/1.1" 200 2997
::1 - - [03/Feb/2024:17:20:38 +0200] "GET /basics HTTP/1.1" 200 4089
::1 - - [03/Feb/2024:17:20:39 +0200] "GET / HTTP/1.1" 200 4447
::1 - - [03/Feb/2024:17:20:40 +0200] "GET /basics HTTP/1.1" 200 4089
::1 - - [03/Feb/2024:17:20:41 +0200] "GET /layout HTTP/1.1" 200 2997
::1 - - [03/Feb/2024:17:20:43 +0200] "GET /basics HTTP/1.1" 200 4089
::1 - - [03/Feb/2024:17:20:44 +0200] "GET / HTTP/1.1" 200 4447
::1 - - [03/Feb/2024:17:21:41 +0200] "GET /basics HTTP/1.1" 200 4089
::1 - - [03/Feb/2024:17:21:43 +0200] "GET /layout HTTP/1.1" 200 2997
::1 - - [03/Feb/2024:17:21:46 +0200] "GET /basics HTTP/1.1" 200 4089
::1 - - [03/Feb/2024:17:21:47 +0200] "GET /layout HTTP/1.1" 200 2997
::1 - - [03/Feb/2024:17:22:01 +0200] "GET / HTTP/1.1" 200 4447
::1 - - [03/Feb/2024:17:22:02 +0200] "GET /basics HTTP/1.1" 200 4089
::1 - - [03/Feb/2024:17:22:03 +0200] "GET /layout HTTP/1.1" 200 2997
::1 - - [03/Feb/2024:17:22:06 +0200] "GET /basics HTTP/1.1" 200 4089
::1 - - [03/Feb/2024:17:22:06 +0200] "GET /layout HTTP/1.1" 200 2997
::1 - - [03/Feb/2024:17:22:07 +0200] "GET /basics HTTP/1.1" 200 4089
::1 - - [03/Feb/2024:17:22:09 +0200] "GET / HTTP/1.1" 200 4447
::1 - - [03/Feb/2024:17:22:10 +0200] "GET /basics HTTP/1.1" 200 4089
::1 - - [03/Feb/2024:17:22:11 +0200] "GET /layout HTTP/1.1" 200 2997
::1 - - [03/Feb/2024:17:22:17 +0200] "GET /basics HTTP/1.1" 200 4089
::1 - - [03/Feb/2024:17:22:18 +0200] "GET /layout HTTP/1.1" 200 2997
::1 - - [03/Feb/2024:17:26:52 +0200] "GET /layout HTTP/1.1" 200 2985
::1 - - [03/Feb/2024:17:26:54 +0200] "GET /%3C?%20$href%20?%3E HTTP/1.1" 403 300
::1 - - [03/Feb/2024:17:28:04 +0200] "GET /%3C?%20$href%20?%3E HTTP/1.1" 403 300
::1 - - [03/Feb/2024:17:28:05 +0200] "GET /%3C?%20$href%20?%3E HTTP/1.1" 403 300
::1 - - [03/Feb/2024:17:28:11 +0200] "GET / HTTP/1.1" 200 4451
::1 - - [03/Feb/2024:17:28:13 +0200] "GET /basics HTTP/1.1" 200 4093
::1 - - [03/Feb/2024:17:28:14 +0200] "GET /layout HTTP/1.1" 200 3001
::1 - - [03/Feb/2024:17:28:15 +0200] "GET /basics HTTP/1.1" 200 4093
::1 - - [03/Feb/2024:17:28:16 +0200] "GET /layout HTTP/1.1" 200 3001
::1 - - [03/Feb/2024:17:28:17 +0200] "GET /basics HTTP/1.1" 200 4093
::1 - - [03/Feb/2024:17:28:18 +0200] "GET / HTTP/1.1" 200 4451
::1 - - [03/Feb/2024:17:29:49 +0200] "GET / HTTP/1.1" 200 4451
::1 - - [03/Feb/2024:17:30:45 +0200] "GET / HTTP/1.1" 200 4451
::1 - - [03/Feb/2024:17:30:46 +0200] "GET / HTTP/1.1" 200 4451
::1 - - [03/Feb/2024:17:30:47 +0200] "GET / HTTP/1.1" 200 4451
::1 - - [03/Feb/2024:17:30:47 +0200] "GET / HTTP/1.1" 200 4451
::1 - - [03/Feb/2024:17:30:57 +0200] "GET /layout HTTP/1.1" 200 3001
::1 - - [03/Feb/2024:17:31:14 +0200] "GET /basics HTTP/1.1" 200 4093
::1 - - [03/Feb/2024:17:31:15 +0200] "GET / HTTP/1.1" 200 4451
::1 - - [03/Feb/2024:17:31:17 +0200] "GET /basics HTTP/1.1" 200 4093
::1 - - [03/Feb/2024:17:31:18 +0200] "GET /layout HTTP/1.1" 200 3001
::1 - - [03/Feb/2024:17:31:21 +0200] "GET / HTTP/1.1" 200 4451
::1 - - [03/Feb/2024:17:31:24 +0200] "GET /basics HTTP/1.1" 200 4093
::1 - - [03/Feb/2024:17:31:25 +0200] "GET /layout HTTP/1.1" 200 3001
::1 - - [03/Feb/2024:17:35:27 +0200] "GET /phpmyadmin/ HTTP/1.1" 200 19473
::1 - - [03/Feb/2024:17:35:34 +0200] "GET /phpmyadmin/themes/pmahomme/jquery/jquery-ui.css HTTP/1.1" 200 36566
::1 - - [03/Feb/2024:17:35:34 +0200] "GET /phpmyadmin/js/vendor/codemirror/lib/codemirror.css?v=5.2.1 HTTP/1.1" 200 8720
::1 - - [03/Feb/2024:17:35:34 +0200] "GET /phpmyadmin/js/vendor/codemirror/addon/hint/show-hint.css?v=5.2.1 HTTP/1.1" 200 649
::1 - - [03/Feb/2024:17:35:34 +0200] "GET /phpmyadmin/themes/pmahomme/css/theme.css?v=5.2.1 HTTP/1.1" 200 357367
::1 - - [03/Feb/2024:17:35:34 +0200] "GET /phpmyadmin/js/vendor/sprintf.js?v=5.2.1 HTTP/1.1" 200 7409
::1 - - [03/Feb/2024:17:35:34 +0200] "GET /phpmyadmin/js/vendor/codemirror/addon/lint/lint.css?v=5.2.1 HTTP/1.1" 200 3035
::1 - - [03/Feb/2024:17:35:34 +0200] "GET /phpmyadmin/js/vendor/jquery/jquery-migrate.min.js?v=5.2.1 HTTP/1.1" 200 13467
::1 - - [03/Feb/2024:17:35:34 +0200] "GET /phpmyadmin/js/dist/keyhandler.js?v=5.2.1 HTTP/1.1" 200 2059
::1 - - [03/Feb/2024:17:35:34 +0200] "GET /phpmyadmin/js/dist/ajax.js?v=5.2.1 HTTP/1.1" 200 29948
::1 - - [03/Feb/2024:17:35:34 +0200] "GET /phpmyadmin/js/dist/name-conflict-fixes.js?v=5.2.1 HTTP/1.1" 200 43
::1 - - [03/Feb/2024:17:35:34 +0200] "GET /phpmyadmin/js/vendor/js.cookie.js?v=5.2.1 HTTP/1.1" 200 3883
::1 - - [03/Feb/2024:17:35:34 +0200] "GET /phpmyadmin/js/vendor/jquery/jquery.validate.min.js?v=5.2.1 HTTP/1.1" 200 24601
::1 - - [03/Feb/2024:17:35:34 +0200] "GET /phpmyadmin/js/vendor/bootstrap/bootstrap.bundle.min.js?v=5.2.1 HTTP/1.1" 200 80420
::1 - - [03/Feb/2024:17:35:34 +0200] "GET /phpmyadmin/js/vendor/jquery/jquery.min.js?v=5.2.1 HTTP/1.1" 200 89947
::1 - - [03/Feb/2024:17:35:34 +0200] "GET /phpmyadmin/js/vendor/jquery/jquery-ui-timepicker-addon.js?v=5.2.1 HTTP/1.1" 200 78475
::1 - - [03/Feb/2024:17:35:34 +0200] "GET /phpmyadmin/js/dist/cross_framing_protection.js?v=5.2.1 HTTP/1.1" 200 405
::1 - - [03/Feb/2024:17:35:34 +0200] "GET /phpmyadmin/js/vendor/jquery/jquery.debounce-1.0.6.js?v=5.2.1 HTTP/1.1" 200 1608
::1 - - [03/Feb/2024:17:35:34 +0200] "GET /phpmyadmin/js/dist/menu_resizer.js?v=5.2.1 HTTP/1.1" 200 5729
::1 - - [03/Feb/2024:17:35:34 +0200] "GET /phpmyadmin/js/dist/doclinks.js?v=5.2.1 HTTP/1.1" 200 18276
::1 - - [03/Feb/2024:17:35:34 +0200] "GET /phpmyadmin/js/dist/config.js?v=5.2.1 HTTP/1.1" 200 24059
::1 - - [03/Feb/2024:17:35:34 +0200] "GET /phpmyadmin/js/dist/navigation.js?v=5.2.1 HTTP/1.1" 200 51830
::1 - - [03/Feb/2024:17:35:34 +0200] "GET /phpmyadmin/js/dist/functions.js?v=5.2.1 HTTP/1.1" 200 148069
::1 - - [03/Feb/2024:17:35:34 +0200] "GET /phpmyadmin/js/vendor/jquery/jquery-ui.min.js?v=5.2.1 HTTP/1.1" 200 255084
::1 - - [03/Feb/2024:17:35:34 +0200] "GET /phpmyadmin/js/dist/common.js?v=5.2.1 HTTP/1.1" 200 4530
::1 - - [03/Feb/2024:17:35:34 +0200] "GET /phpmyadmin/js/dist/indexes.js?v=5.2.1 HTTP/1.1" 200 26962
::1 - - [03/Feb/2024:17:35:34 +0200] "GET /phpmyadmin/js/dist/page_settings.js?v=5.2.1 HTTP/1.1" 200 1818
::1 - - [03/Feb/2024:17:35:34 +0200] "GET /phpmyadmin/js/dist/home.js?v=5.2.1 HTTP/1.1" 200 5275
::1 - - [03/Feb/2024:17:35:34 +0200] "GET /phpmyadmin/js/vendor/codemirror/addon/runmode/runmode.js?v=5.2.1 HTTP/1.1" 200 2777
::1 - - [03/Feb/2024:17:35:34 +0200] "GET /phpmyadmin/js/vendor/codemirror/mode/sql/sql.js?v=5.2.1 HTTP/1.1" 200 59564
::1 - - [03/Feb/2024:17:35:34 +0200] "GET /phpmyadmin/js/vendor/codemirror/addon/hint/sql-hint.js?v=5.2.1 HTTP/1.1" 200 9560
::1 - - [03/Feb/2024:17:35:34 +0200] "GET /phpmyadmin/js/vendor/codemirror/addon/hint/show-hint.js?v=5.2.1 HTTP/1.1" 200 19792
::1 - - [03/Feb/2024:17:35:34 +0200] "GET /phpmyadmin/js/dist/codemirror/addon/lint/sql-lint.js?v=5.2.1 HTTP/1.1" 200 940
::1 - - [03/Feb/2024:17:35:34 +0200] "GET /phpmyadmin/js/vendor/codemirror/addon/lint/lint.js?v=5.2.1 HTTP/1.1" 200 9987
::1 - - [03/Feb/2024:17:35:34 +0200] "GET /phpmyadmin/js/vendor/tracekit.js?v=5.2.1 HTTP/1.1" 200 47128
::1 - - [03/Feb/2024:17:35:34 +0200] "GET /phpmyadmin/js/dist/drag_drop_import.js?v=5.2.1 HTTP/1.1" 200 12431
::1 - - [03/Feb/2024:17:35:34 +0200] "GET /phpmyadmin/js/dist/error_report.js?v=5.2.1 HTTP/1.1" 200 9264
::1 - - [03/Feb/2024:17:35:34 +0200] "GET /phpmyadmin/js/dist/shortcuts_handler.js?v=5.2.1 HTTP/1.1" 200 3303
::1 - - [03/Feb/2024:17:35:34 +0200] "GET /phpmyadmin/themes/dot.gif HTTP/1.1" 200 43
::1 - - [03/Feb/2024:17:35:34 +0200] "GET /phpmyadmin/themes/pmahomme/img/logo_left.png HTTP/1.1" 200 2713
::1 - - [03/Feb/2024:17:35:34 +0200] "GET /phpmyadmin/js/vendor/codemirror/lib/codemirror.js?v=5.2.1 HTTP/1.1" 200 401653
::1 - - [03/Feb/2024:17:35:34 +0200] "GET /phpmyadmin/js/dist/console.js?v=5.2.1 HTTP/1.1" 200 49548
::1 - - [03/Feb/2024:17:35:34 +0200] "GET /phpmyadmin/js/messages.php?l=uk&v=5.2.1&lang=uk HTTP/1.1" 200 12804
::1 - - [03/Feb/2024:17:35:34 +0200] "GET /phpmyadmin/themes/pmahomme/img/s_cog.png HTTP/1.1" 200 442
::1 - - [03/Feb/2024:17:35:34 +0200] "GET /phpmyadmin/themes/pmahomme/img/b_sqlhelp.png HTTP/1.1" 200 512
::1 - - [03/Feb/2024:17:35:34 +0200] "GET /phpmyadmin/themes/pmahomme/img/s_reload.png HTTP/1.1" 200 527
::1 - - [03/Feb/2024:17:35:34 +0200] "GET /phpmyadmin/themes/pmahomme/img/s_loggoff.png HTTP/1.1" 200 626
::1 - - [03/Feb/2024:17:35:34 +0200] "GET /phpmyadmin/themes/pmahomme/img/b_home.png HTTP/1.1" 200 734
::1 - - [03/Feb/2024:17:35:34 +0200] "GET /phpmyadmin/themes/pmahomme/img/b_docs.png HTTP/1.1" 200 705
::1 - - [03/Feb/2024:17:35:34 +0200] "GET /phpmyadmin/themes/pmahomme/img/s_db.png HTTP/1.1" 200 328
::1 - - [03/Feb/2024:17:35:34 +0200] "GET /phpmyadmin/themes/pmahomme/img/s_link.png HTTP/1.1" 200 280
::1 - - [03/Feb/2024:17:35:34 +0200] "GET /phpmyadmin/themes/pmahomme/img/b_plus.png HTTP/1.1" 200 143
::1 - - [03/Feb/2024:17:35:34 +0200] "GET /phpmyadmin/themes/pmahomme/img/s_collapseall.png HTTP/1.1" 200 143
::1 - - [03/Feb/2024:17:35:34 +0200] "GET /phpmyadmin/themes/pmahomme/img/s_host.png HTTP/1.1" 200 591
::1 - - [03/Feb/2024:17:35:34 +0200] "GET /phpmyadmin/themes/pmahomme/img/b_newdb.png HTTP/1.1" 200 585
::1 - - [03/Feb/2024:17:35:34 +0200] "GET /phpmyadmin/themes/pmahomme/img/b_export.png HTTP/1.1" 200 514
::1 - - [03/Feb/2024:17:35:34 +0200] "GET /phpmyadmin/themes/pmahomme/img/s_rights.png HTTP/1.1" 200 461
::1 - - [03/Feb/2024:17:35:34 +0200] "GET /phpmyadmin/themes/pmahomme/img/b_sql.png HTTP/1.1" 200 680
::1 - - [03/Feb/2024:17:35:34 +0200] "GET /phpmyadmin/themes/pmahomme/img/s_status.png HTTP/1.1" 200 600
::1 - - [03/Feb/2024:17:35:34 +0200] "GET /phpmyadmin/themes/pmahomme/img/b_import.png HTTP/1.1" 200 556
::1 - - [03/Feb/2024:17:35:34 +0200] "GET /phpmyadmin/themes/pmahomme/img/b_tblops.png HTTP/1.1" 200 537
::1 - - [03/Feb/2024:17:35:34 +0200] "GET /phpmyadmin/themes/pmahomme/img/s_replication.png HTTP/1.1" 200 399
::1 - - [03/Feb/2024:17:35:34 +0200] "GET /phpmyadmin/themes/pmahomme/img/s_top.png HTTP/1.1" 200 220
::1 - - [03/Feb/2024:17:35:34 +0200] "GET /phpmyadmin/themes/pmahomme/img/b_plugin.png HTTP/1.1" 200 512
::1 - - [03/Feb/2024:17:35:34 +0200] "GET /phpmyadmin/themes/pmahomme/img/s_asci.png HTTP/1.1" 200 148
::1 - - [03/Feb/2024:17:35:34 +0200] "GET /phpmyadmin/themes/pmahomme/img/s_vars.png HTTP/1.1" 200 523
::1 - - [03/Feb/2024:17:35:34 +0200] "GET /phpmyadmin/themes/pmahomme/img/b_engine.png HTTP/1.1" 200 398
::1 - - [03/Feb/2024:17:35:34 +0200] "GET /phpmyadmin/themes/pmahomme/img/b_help.png HTTP/1.1" 200 705
::1 - - [03/Feb/2024:17:35:34 +0200] "GET /phpmyadmin/themes/pmahomme/img/s_theme.png HTTP/1.1" 200 772
::1 - - [03/Feb/2024:17:35:34 +0200] "GET /phpmyadmin/themes/pmahomme/img/console.png HTTP/1.1" 200 292
::1 - - [03/Feb/2024:17:35:34 +0200] "GET /phpmyadmin/themes/pmahomme/img/window-new.png HTTP/1.1" 200 468
::1 - - [03/Feb/2024:17:35:34 +0200] "GET /phpmyadmin/themes/pmahomme/img/s_lang.png HTTP/1.1" 200 659
::1 - - [03/Feb/2024:17:35:34 +0200] "GET /phpmyadmin/themes/pmahomme/img/b_more.png HTTP/1.1" 200 111
::1 - - [03/Feb/2024:17:35:34 +0200] "GET /phpmyadmin/favicon.ico HTTP/1.1" 200 22486
::1 - - [03/Feb/2024:17:35:34 +0200] "POST /phpmyadmin/index.php?route=/version-check HTTP/1.1" 200 64
::1 - - [03/Feb/2024:17:35:34 +0200] "POST /phpmyadmin/index.php?route=/config/get HTTP/1.1" 200 1633
::1 - - [03/Feb/2024:17:35:34 +0200] "POST /phpmyadmin/index.php?route=/navigation&ajax_request=1 HTTP/1.1" 200 2525
::1 - - [03/Feb/2024:17:35:34 +0200] "POST /phpmyadmin/index.php?route=/config/get HTTP/1.1" 200 1727
::1 - - [03/Feb/2024:17:35:34 +0200] "POST /phpmyadmin/index.php?route=/database/structure/favorite-table&ajax_request=1&favorite_table=1&sync_favorite_tables=1&lang=uk HTTP/1.1" 200 194
::1 - - [03/Feb/2024:17:35:35 +0200] "POST /phpmyadmin/index.php?route=/config/set HTTP/1.1" 200 1624
::1 - - [03/Feb/2024:17:36:01 +0200] "GET /phpmyadmin/themes/pmahomme/img/ajax_clock_small.gif HTTP/1.1" 200 1810
::1 - - [03/Feb/2024:17:36:01 +0200] "POST /phpmyadmin/index.php?route=/navigation&ajax_request=1 HTTP/1.1" 200 2620
::1 - - [03/Feb/2024:17:36:01 +0200] "GET /phpmyadmin/themes/pmahomme/img/hide.png HTTP/1.1" 200 284
::1 - - [03/Feb/2024:17:36:01 +0200] "GET /phpmyadmin/themes/pmahomme/img/b_browse.png HTTP/1.1" 200 486
::1 - - [03/Feb/2024:17:36:01 +0200] "GET /phpmyadmin/themes/pmahomme/img/b_views.png HTTP/1.1" 200 603
::1 - - [03/Feb/2024:17:36:01 +0200] "GET /phpmyadmin/themes/pmahomme/img/b_minus.png HTTP/1.1" 200 123
::1 - - [03/Feb/2024:17:36:04 +0200] "POST /phpmyadmin/index.php?route=/navigation&ajax_request=1 HTTP/1.1" 200 3966
::1 - - [03/Feb/2024:17:36:04 +0200] "GET /phpmyadmin/themes/pmahomme/img/b_table_add.png HTTP/1.1" 200 571
::1 - - [03/Feb/2024:17:36:04 +0200] "GET /phpmyadmin/themes/pmahomme/img/b_props.png HTTP/1.1" 200 573
::1 - - [03/Feb/2024:17:45:03 +0200] "GET /phpmyadmin/themes/pmahomme/img/s_unlink.png HTTP/1.1" 200 589
