[Sat Feb 03 16:55:59.961185 2024] [php:error] [pid 21020:tid 1944] [client ::1:56026] PHP Fatal error:  Uncaught Error: Undefined constant "routes" in C:\\Users\\ADunaev\\source\\repos\\PHP_SPD111\\access_manager.php:18\nStack trace:\n#0 {main}\n  thrown in C:\\Users\\ADunaev\\source\\repos\\PHP_SPD111\\access_manager.php on line 18
[Sat Feb 03 16:56:10.987246 2024] [php:error] [pid 21020:tid 1940] [client ::1:56027] PHP Fatal error:  Uncaught Error: Undefined constant "routes" in C:\\Users\\ADunaev\\source\\repos\\PHP_SPD111\\access_manager.php:18\nStack trace:\n#0 {main}\n  thrown in C:\\Users\\ADunaev\\source\\repos\\PHP_SPD111\\access_manager.php on line 18
[Sat Feb 03 17:19:24.575323 2024] [php:error] [pid 21020:tid 1940] [client ::1:56337] PHP Parse error:  syntax error, unexpected token "class" in C:\\Users\\ADunaev\\source\\repos\\PHP_SPD111\\_layout.php on line 20, referer: http://spd-111.loc/basics
[Sat Feb 03 17:26:54.209380 2024] [core:error] [pid 21020:tid 1940] (20024)The given path is misformatted or contained invalid characters: [client ::1:56456] AH00127: Cannot map GET /%3C?%20$href%20?%3E HTTP/1.1 to file, referer: http://spd-111.loc/layout
[Sat Feb 03 17:28:04.696621 2024] [core:error] [pid 21020:tid 1944] (20024)The given path is misformatted or contained invalid characters: [client ::1:56482] AH00127: Cannot map GET /%3C?%20$href%20?%3E HTTP/1.1 to file, referer: http://spd-111.loc/layout
[Sat Feb 03 17:28:05.469819 2024] [core:error] [pid 21020:tid 1944] (20024)The given path is misformatted or contained invalid characters: [client ::1:56482] AH00127: Cannot map GET /%3C?%20$href%20?%3E HTTP/1.1 to file, referer: http://spd-111.loc/layout
[Sun Feb 11 01:09:50.458594 2024] [php:error] [pid 12772:tid 1944] [client ::1:56418] PHP Parse error:  syntax error, unexpected token ";" in C:\\Users\\ADunaev\\source\\repos\\PHP_SPD111\\access_manager.php on line 17, referer: http://spd-111.loc/basics
[Sun Feb 11 01:09:50.637342 2024] [php:error] [pid 12772:tid 1944] [client ::1:56418] PHP Parse error:  syntax error, unexpected token ";" in C:\\Users\\ADunaev\\source\\repos\\PHP_SPD111\\access_manager.php on line 17, referer: http://spd-111.loc/
[Sun Feb 11 01:11:33.248403 2024] [php:error] [pid 12772:tid 1936] [client ::1:56424] PHP Parse error:  syntax error, unexpected token "&&", expecting end of file in C:\\Users\\ADunaev\\source\\repos\\PHP_SPD111\\access_manager.php on line 24, referer: http://spd-111.loc/basics
[Sun Feb 11 01:11:33.258294 2024] [php:error] [pid 12772:tid 1936] [client ::1:56424] PHP Parse error:  syntax error, unexpected token "&&", expecting end of file in C:\\Users\\ADunaev\\source\\repos\\PHP_SPD111\\access_manager.php on line 24, referer: http://spd-111.loc/
[Sun Feb 11 01:11:50.268784 2024] [php:warn] [pid 12772:tid 1944] [client ::1:56425] PHP Warning:  readfile(./wwwroot/): Failed to open stream: No such file or directory in C:\\Users\\ADunaev\\source\\repos\\PHP_SPD111\\access_manager.php on line 19, referer: http://spd-111.loc/basics
[Sun Feb 11 01:12:42.081308 2024] [php:warn] [pid 12772:tid 1936] [client ::1:56426] PHP Warning:  readfile(./wwwroot/): Failed to open stream: No such file or directory in C:\\Users\\ADunaev\\source\\repos\\PHP_SPD111\\access_manager.php on line 19, referer: http://spd-111.loc/basics
[Sun Feb 11 01:16:48.110120 2024] [php:warn] [pid 12772:tid 1944] [client ::1:56562] PHP Warning:  readfile(./wwwroot/): Failed to open stream: No such file or directory in C:\\Users\\ADunaev\\source\\repos\\PHP_SPD111\\access_manager.php on line 19, referer: http://spd-111.loc/basics
[Sun Feb 11 01:16:50.744567 2024] [php:warn] [pid 12772:tid 1944] [client ::1:56562] PHP Warning:  readfile(./wwwroot/): Failed to open stream: No such file or directory in C:\\Users\\ADunaev\\source\\repos\\PHP_SPD111\\access_manager.php on line 19, referer: http://spd-111.loc/basics
[Sun Feb 11 01:58:37.264190 2024] [php:warn] [pid 12772:tid 1944] [client ::1:57549] PHP Warning:  Undefined variable $wxt in C:\\Users\\ADunaev\\source\\repos\\PHP_SPD111\\access_manager.php on line 28, referer: http://spd-111.loc/
[Sun Feb 11 01:59:49.511133 2024] [php:warn] [pid 12772:tid 1928] [client ::1:57586] PHP Warning:  Undefined variable $wxt in C:\\Users\\ADunaev\\source\\repos\\PHP_SPD111\\access_manager.php on line 28, referer: http://spd-111.loc/
[Sun Feb 11 02:01:04.376885 2024] [php:warn] [pid 12772:tid 1944] [client ::1:57635] PHP Warning:  Undefined variable $wxt in C:\\Users\\ADunaev\\source\\repos\\PHP_SPD111\\access_manager.php on line 28, referer: http://spd-111.loc/
[Sun Feb 11 19:25:46.804763 2024] [php:error] [pid 12772:tid 1900] [client ::1:62158] PHP Parse error:  syntax error, unexpected token "catch", expecting "function" or "const" in C:\\Users\\ADunaev\\source\\repos\\PHP_SPD111\\controllers\\TestController.php on line 31, referer: http://spd-111.loc/api
[Sun Feb 11 19:27:01.110783 2024] [php:error] [pid 12772:tid 1900] [client ::1:62171] PHP Parse error:  syntax error, unexpected token "catch", expecting "function" or "const" in C:\\Users\\ADunaev\\source\\repos\\PHP_SPD111\\controllers\\TestController.php on line 31, referer: http://spd-111.loc/api
[Sun Feb 11 19:27:02.200022 2024] [php:error] [pid 12772:tid 1900] [client ::1:62171] PHP Parse error:  syntax error, unexpected token "catch", expecting "function" or "const" in C:\\Users\\ADunaev\\source\\repos\\PHP_SPD111\\controllers\\TestController.php on line 31, referer: http://spd-111.loc/api
[Sun Feb 11 19:27:03.058790 2024] [php:error] [pid 12772:tid 1900] [client ::1:62171] PHP Parse error:  syntax error, unexpected token "catch", expecting "function" or "const" in C:\\Users\\ADunaev\\source\\repos\\PHP_SPD111\\controllers\\TestController.php on line 31, referer: http://spd-111.loc/api
[Sun Feb 11 19:27:03.909016 2024] [php:error] [pid 12772:tid 1900] [client ::1:62171] PHP Parse error:  syntax error, unexpected token "catch", expecting "function" or "const" in C:\\Users\\ADunaev\\source\\repos\\PHP_SPD111\\controllers\\TestController.php on line 31, referer: http://spd-111.loc/api
[Sun Feb 11 19:27:04.703600 2024] [php:error] [pid 12772:tid 1900] [client ::1:62171] PHP Parse error:  syntax error, unexpected token "catch", expecting "function" or "const" in C:\\Users\\ADunaev\\source\\repos\\PHP_SPD111\\controllers\\TestController.php on line 31, referer: http://spd-111.loc/api
[Sun Feb 11 19:27:05.673642 2024] [php:error] [pid 12772:tid 1900] [client ::1:62171] PHP Parse error:  syntax error, unexpected token "catch", expecting "function" or "const" in C:\\Users\\ADunaev\\source\\repos\\PHP_SPD111\\controllers\\TestController.php on line 31, referer: http://spd-111.loc/api
[Sun Feb 11 19:27:08.811086 2024] [php:error] [pid 12772:tid 1916] [client ::1:62181] PHP Parse error:  syntax error, unexpected token "catch", expecting "function" or "const" in C:\\Users\\ADunaev\\source\\repos\\PHP_SPD111\\controllers\\TestController.php on line 31, referer: http://spd-111.loc/api
[Sun Feb 11 19:28:27.228775 2024] [php:error] [pid 12772:tid 1924] [client ::1:62193] PHP Parse error:  syntax error, unexpected token "catch", expecting "function" or "const" in C:\\Users\\ADunaev\\source\\repos\\PHP_SPD111\\controllers\\TestController.php on line 32, referer: http://spd-111.loc/api
[Sun Feb 11 19:28:29.133195 2024] [php:error] [pid 12772:tid 1924] [client ::1:62193] PHP Parse error:  syntax error, unexpected token "catch", expecting "function" or "const" in C:\\Users\\ADunaev\\source\\repos\\PHP_SPD111\\controllers\\TestController.php on line 32, referer: http://spd-111.loc/api
[Sun Feb 11 19:28:31.551673 2024] [php:error] [pid 12772:tid 1900] [client ::1:62196] PHP Parse error:  syntax error, unexpected token "catch", expecting "function" or "const" in C:\\Users\\ADunaev\\source\\repos\\PHP_SPD111\\controllers\\TestController.php on line 32, referer: http://spd-111.loc/api
[Sun Feb 11 19:29:53.666103 2024] [php:error] [pid 12772:tid 1916] [client ::1:62200] PHP Parse error:  syntax error, unexpected token "catch", expecting "function" or "const" in C:\\Users\\ADunaev\\source\\repos\\PHP_SPD111\\controllers\\TestController.php on line 32, referer: http://spd-111.loc/api
[Sun Feb 11 19:33:35.643777 2024] [php:error] [pid 12772:tid 1924] [client ::1:62226] PHP Parse error:  syntax error, unexpected token "catch", expecting "function" or "const" in C:\\Users\\ADunaev\\source\\repos\\PHP_SPD111\\controllers\\TestController.php on line 32, referer: http://spd-111.loc/api
[Sun Feb 11 19:34:58.249834 2024] [php:error] [pid 12772:tid 1900] [client ::1:62238] PHP Parse error:  syntax error, unexpected token "catch", expecting "function" or "const" in C:\\Users\\ADunaev\\source\\repos\\PHP_SPD111\\controllers\\TestController.php on line 32, referer: http://spd-111.loc/api
[Sun Feb 11 19:36:33.451336 2024] [php:error] [pid 12772:tid 1900] [client ::1:62255] PHP Parse error:  syntax error, unexpected token "catch", expecting "function" or "const" in C:\\Users\\ADunaev\\source\\repos\\PHP_SPD111\\controllers\\TestController.php on line 32, referer: http://spd-111.loc/api
[Sun Feb 11 19:37:16.542651 2024] [php:error] [pid 12772:tid 1916] [client ::1:62259] PHP Parse error:  syntax error, unexpected token "catch", expecting "function" or "const" in C:\\Users\\ADunaev\\source\\repos\\PHP_SPD111\\controllers\\TestController.php on line 32, referer: http://spd-111.loc/api
[Sun Feb 11 19:38:50.668602 2024] [php:error] [pid 12772:tid 1900] [client ::1:62264] PHP Parse error:  syntax error, unexpected token "catch", expecting "function" or "const" in C:\\Users\\ADunaev\\source\\repos\\PHP_SPD111\\controllers\\TestController.php on line 32, referer: http://spd-111.loc/api
[Sun Feb 11 19:40:51.869836 2024] [php:error] [pid 12772:tid 1924] [client ::1:62291] PHP Parse error:  syntax error, unexpected token "catch", expecting "function" or "const" in C:\\Users\\ADunaev\\source\\repos\\PHP_SPD111\\controllers\\TestController.php on line 32, referer: http://spd-111.loc/api
[Sun Feb 11 19:41:48.953561 2024] [php:error] [pid 12772:tid 1916] [client ::1:62295] PHP Parse error:  syntax error, unexpected token "catch", expecting "function" or "const" in C:\\Users\\ADunaev\\source\\repos\\PHP_SPD111\\controllers\\TestController.php on line 32, referer: http://spd-111.loc/api
[Sun Feb 11 19:43:22.650899 2024] [php:error] [pid 12772:tid 1924] [client ::1:62301] PHP Parse error:  syntax error, unexpected token "catch", expecting "function" or "const" in C:\\Users\\ADunaev\\source\\repos\\PHP_SPD111\\controllers\\TestController.php on line 32, referer: http://spd-111.loc/api
[Sun Feb 11 19:48:31.264604 2024] [php:error] [pid 12772:tid 1816] [client ::1:62349] PHP Parse error:  syntax error, unexpected token "catch", expecting "function" or "const" in C:\\Users\\ADunaev\\source\\repos\\PHP_SPD111\\controllers\\TestController.php on line 32, referer: http://spd-111.loc/api
[Sun Feb 11 19:51:40.791415 2024] [php:error] [pid 12772:tid 1816] [client ::1:62378] PHP Parse error:  syntax error, unexpected token "catch", expecting "function" or "const" in C:\\Users\\ADunaev\\source\\repos\\PHP_SPD111\\controllers\\TestController.php on line 32, referer: http://spd-111.loc/api
[Sun Feb 11 19:53:44.379326 2024] [php:error] [pid 12772:tid 1916] [client ::1:62403] PHP Parse error:  syntax error, unexpected token "catch", expecting "function" or "const" in C:\\Users\\ADunaev\\source\\repos\\PHP_SPD111\\controllers\\TestController.php on line 32, referer: http://spd-111.loc/api
[Sun Feb 11 19:56:41.566801 2024] [php:error] [pid 12772:tid 1908] [client ::1:62638] PHP Parse error:  syntax error, unexpected token "catch", expecting "function" or "const" in C:\\Users\\ADunaev\\source\\repos\\PHP_SPD111\\controllers\\TestController.php on line 32, referer: http://spd-111.loc/api
[Sun Feb 11 19:57:04.493099 2024] [php:error] [pid 12772:tid 1916] [client ::1:62650] PHP Parse error:  syntax error, unexpected token "catch", expecting "function" or "const" in C:\\Users\\ADunaev\\source\\repos\\PHP_SPD111\\controllers\\TestController.php on line 32, referer: http://spd-111.loc/api
[Tue Feb 13 22:12:06.840991 2024] [php:warn] [pid 19432:tid 1644] [client ::1:51946] PHP Warning:  Array to string conversion in C:\\Users\\ADunaev\\source\\repos\\PHP_SPD111\\controllers\\TestController.php on line 7, referer: http://spd-111.loc/signup
[Tue Feb 13 22:12:46.444500 2024] [php:warn] [pid 19432:tid 1684] [client ::1:51973] PHP Warning:  Undefined array key "val1" in C:\\Users\\ADunaev\\source\\repos\\PHP_SPD111\\controllers\\TestController.php on line 7, referer: http://spd-111.loc/signup
